2019-09-18 22:51:10.135 [main] INFO  com.sl.utils.App - Starting App on Gaoxueyongs-MacBook-Pro.local with PID 1463 (/Users/gaoxueyong/Documents/workspace/JavaUtilsProject/target/classes started by gaoxueyong in /Users/gaoxueyong/Documents/workspace/JavaUtilsProject)
2019-09-18 22:51:10.138 [main] INFO  com.sl.utils.App - No active profile set, falling back to default profiles: default
2019-09-18 22:51:10.281 [background-preinit] INFO  org.hibernate.validator.internal.util.Version - HV000001: Hibernate Validator 5.3.5.Final
2019-09-18 22:51:10.333 [main] INFO  o.s.b.c.e.AnnotationConfigEmbeddedWebApplicationContext - Refreshing org.springframework.boot.context.embedded.AnnotationConfigEmbeddedWebApplicationContext@358ee631: startup date [Wed Sep 18 22:51:10 CST 2019]; root of context hierarchy
2019-09-18 22:51:11.209 [main] INFO  o.s.b.c.e.tomcat.TomcatEmbeddedServletContainer - Tomcat initialized with port(s): 8080 (http)
2019-09-18 22:51:11.216 [main] INFO  org.apache.catalina.core.StandardService - Starting service [Tomcat]
2019-09-18 22:51:11.216 [main] INFO  org.apache.catalina.core.StandardEngine - Starting Servlet Engine: Apache Tomcat/8.5.20
2019-09-18 22:51:11.265 [localhost-startStop-1] INFO  o.a.c.core.ContainerBase.[Tomcat].[localhost].[/] - Initializing Spring embedded WebApplicationContext
2019-09-18 22:51:11.265 [localhost-startStop-1] INFO  org.springframework.web.context.ContextLoader - Root WebApplicationContext: initialization completed in 932 ms
2019-09-18 22:51:11.352 [localhost-startStop-1] INFO  o.s.boot.web.servlet.ServletRegistrationBean - Mapping servlet: 'dispatcherServlet' to [/]
2019-09-18 22:51:11.355 [localhost-startStop-1] INFO  o.s.boot.web.servlet.FilterRegistrationBean - Mapping filter: 'characterEncodingFilter' to: [/*]
2019-09-18 22:51:11.355 [localhost-startStop-1] INFO  o.s.boot.web.servlet.FilterRegistrationBean - Mapping filter: 'hiddenHttpMethodFilter' to: [/*]
2019-09-18 22:51:11.355 [localhost-startStop-1] INFO  o.s.boot.web.servlet.FilterRegistrationBean - Mapping filter: 'httpPutFormContentFilter' to: [/*]
2019-09-18 22:51:11.355 [localhost-startStop-1] INFO  o.s.boot.web.servlet.FilterRegistrationBean - Mapping filter: 'requestContextFilter' to: [/*]
2019-09-18 22:51:11.400 [main] INFO  o.s.scheduling.concurrent.ThreadPoolTaskExecutor - Initializing ExecutorService 
2019-09-18 22:51:11.405 [main] INFO  o.s.scheduling.concurrent.ThreadPoolTaskExecutor - Initializing ExecutorService  'taskExecutor'
2019-09-18 22:51:11.588 [main] INFO  o.s.w.s.m.m.a.RequestMappingHandlerAdapter - Looking for @ControllerAdvice: org.springframework.boot.context.embedded.AnnotationConfigEmbeddedWebApplicationContext@358ee631: startup date [Wed Sep 18 22:51:10 CST 2019]; root of context hierarchy
2019-09-18 22:51:11.622 [main] INFO  o.s.w.s.m.m.a.RequestMappingHandlerMapping - Mapped "{[/error]}" onto public org.springframework.http.ResponseEntity<java.util.Map<java.lang.String, java.lang.Object>> org.springframework.boot.autoconfigure.web.BasicErrorController.error(javax.servlet.http.HttpServletRequest)
2019-09-18 22:51:11.623 [main] INFO  o.s.w.s.m.m.a.RequestMappingHandlerMapping - Mapped "{[/error],produces=[text/html]}" onto public org.springframework.web.servlet.ModelAndView org.springframework.boot.autoconfigure.web.BasicErrorController.errorHtml(javax.servlet.http.HttpServletRequest,javax.servlet.http.HttpServletResponse)
2019-09-18 22:51:11.648 [main] INFO  o.s.web.servlet.handler.SimpleUrlHandlerMapping - Mapped URL path [/webjars/**] onto handler of type [class org.springframework.web.servlet.resource.ResourceHttpRequestHandler]
2019-09-18 22:51:11.648 [main] INFO  o.s.web.servlet.handler.SimpleUrlHandlerMapping - Mapped URL path [/**] onto handler of type [class org.springframework.web.servlet.resource.ResourceHttpRequestHandler]
2019-09-18 22:51:11.672 [main] INFO  o.s.web.servlet.handler.SimpleUrlHandlerMapping - Mapped URL path [/**/favicon.ico] onto handler of type [class org.springframework.web.servlet.resource.ResourceHttpRequestHandler]
2019-09-18 22:51:12.118 [main] INFO  o.s.jmx.export.annotation.AnnotationMBeanExporter - Registering beans for JMX exposure on startup
2019-09-18 22:51:12.127 [main] INFO  o.s.s.a.ScheduledAnnotationBeanPostProcessor - No TaskScheduler/ScheduledExecutorService bean found for scheduled processing
2019-09-18 22:51:12.134 [main] INFO  org.apache.coyote.http11.Http11NioProtocol - Initializing ProtocolHandler ["http-nio-8080"]
2019-09-18 22:51:12.140 [main] INFO  org.apache.coyote.http11.Http11NioProtocol - Starting ProtocolHandler ["http-nio-8080"]
2019-09-18 22:51:12.160 [main] INFO  org.apache.tomcat.util.net.NioSelectorPool - Using a shared selector for servlet write/read
2019-09-18 22:51:12.169 [main] INFO  o.s.b.c.e.tomcat.TomcatEmbeddedServletContainer - Tomcat started on port(s): 8080 (http)
2019-09-18 22:51:12.172 [main] INFO  com.sl.utils.App - Started App in 2.326 seconds (JVM running for 2.995)
2019-09-18 22:51:13.001 [pool-2-thread-1] INFO  com.sl.utils.log.LogDemoTest - info log ...
2019-09-18 22:51:13.002 [pool-2-thread-1] ERROR com.sl.utils.log.LogDemoTest - error log ...
2019-09-18 22:51:13.002 [pool-2-thread-1] WARN  com.sl.utils.log.LogDemoTest - warn log ...
2019-09-18 22:51:14.000 [pool-2-thread-1] INFO  com.sl.utils.log.LogDemoTest - info log ...
2019-09-18 22:51:14.000 [pool-2-thread-1] ERROR com.sl.utils.log.LogDemoTest - error log ...
2019-09-18 22:51:14.000 [pool-2-thread-1] WARN  com.sl.utils.log.LogDemoTest - warn log ...
2019-09-18 22:51:15.001 [pool-2-thread-1] INFO  com.sl.utils.log.LogDemoTest - info log ...
2019-09-18 22:51:15.001 [pool-2-thread-1] ERROR com.sl.utils.log.LogDemoTest - error log ...
2019-09-18 22:51:15.001 [pool-2-thread-1] WARN  com.sl.utils.log.LogDemoTest - warn log ...
2019-09-18 22:51:16.003 [pool-2-thread-1] INFO  com.sl.utils.log.LogDemoTest - info log ...
2019-09-18 22:51:16.005 [pool-2-thread-1] ERROR com.sl.utils.log.LogDemoTest - error log ...
2019-09-18 22:51:16.005 [pool-2-thread-1] WARN  com.sl.utils.log.LogDemoTest - warn log ...
2019-09-18 22:51:17.005 [pool-2-thread-1] INFO  com.sl.utils.log.LogDemoTest - info log ...
2019-09-18 22:51:17.005 [pool-2-thread-1] ERROR com.sl.utils.log.LogDemoTest - error log ...
2019-09-18 22:51:17.006 [pool-2-thread-1] WARN  com.sl.utils.log.LogDemoTest - warn log ...
2019-09-18 22:51:18.003 [pool-2-thread-1] INFO  com.sl.utils.log.LogDemoTest - info log ...
2019-09-18 22:51:18.004 [pool-2-thread-1] ERROR com.sl.utils.log.LogDemoTest - error log ...
2019-09-18 22:51:18.004 [pool-2-thread-1] WARN  com.sl.utils.log.LogDemoTest - warn log ...
2019-09-18 22:51:19.001 [pool-2-thread-1] INFO  com.sl.utils.log.LogDemoTest - info log ...
2019-09-18 22:51:19.001 [pool-2-thread-1] ERROR com.sl.utils.log.LogDemoTest - error log ...
2019-09-18 22:51:19.002 [pool-2-thread-1] WARN  com.sl.utils.log.LogDemoTest - warn log ...
2019-09-18 22:51:20.002 [pool-2-thread-1] INFO  com.sl.utils.log.LogDemoTest - info log ...
2019-09-18 22:51:20.002 [pool-2-thread-1] ERROR com.sl.utils.log.LogDemoTest - error log ...
2019-09-18 22:51:20.002 [pool-2-thread-1] WARN  com.sl.utils.log.LogDemoTest - warn log ...
2019-09-18 22:51:21.004 [pool-2-thread-1] INFO  com.sl.utils.log.LogDemoTest - info log ...
2019-09-18 22:51:21.004 [pool-2-thread-1] ERROR com.sl.utils.log.LogDemoTest - error log ...
2019-09-18 22:51:21.005 [pool-2-thread-1] WARN  com.sl.utils.log.LogDemoTest - warn log ...
2019-09-18 22:51:22.000 [pool-2-thread-1] INFO  com.sl.utils.log.LogDemoTest - info log ...
2019-09-18 22:51:22.000 [pool-2-thread-1] ERROR com.sl.utils.log.LogDemoTest - error log ...
2019-09-18 22:51:22.001 [pool-2-thread-1] WARN  com.sl.utils.log.LogDemoTest - warn log ...
2019-09-18 22:51:23.001 [pool-2-thread-1] INFO  com.sl.utils.log.LogDemoTest - info log ...
2019-09-18 22:51:23.002 [pool-2-thread-1] ERROR com.sl.utils.log.LogDemoTest - error log ...
2019-09-18 22:51:23.002 [pool-2-thread-1] WARN  com.sl.utils.log.LogDemoTest - warn log ...
2019-09-18 22:51:24.003 [pool-2-thread-1] INFO  com.sl.utils.log.LogDemoTest - info log ...
2019-09-18 22:51:24.005 [pool-2-thread-1] ERROR com.sl.utils.log.LogDemoTest - error log ...
2019-09-18 22:51:24.007 [pool-2-thread-1] WARN  com.sl.utils.log.LogDemoTest - warn log ...
2019-09-18 22:51:25.005 [pool-2-thread-1] INFO  com.sl.utils.log.LogDemoTest - info log ...
2019-09-18 22:51:25.005 [pool-2-thread-1] ERROR com.sl.utils.log.LogDemoTest - error log ...
2019-09-18 22:51:25.005 [pool-2-thread-1] WARN  com.sl.utils.log.LogDemoTest - warn log ...
2019-09-18 22:51:26.000 [pool-2-thread-1] INFO  com.sl.utils.log.LogDemoTest - info log ...
2019-09-18 22:51:26.001 [pool-2-thread-1] ERROR com.sl.utils.log.LogDemoTest - error log ...
2019-09-18 22:51:26.001 [pool-2-thread-1] WARN  com.sl.utils.log.LogDemoTest - warn log ...
2019-09-18 22:51:27.002 [pool-2-thread-1] INFO  com.sl.utils.log.LogDemoTest - info log ...
2019-09-18 22:51:27.003 [pool-2-thread-1] ERROR com.sl.utils.log.LogDemoTest - error log ...
2019-09-18 22:51:27.003 [pool-2-thread-1] WARN  com.sl.utils.log.LogDemoTest - warn log ...
2019-09-18 22:51:28.004 [pool-2-thread-1] INFO  com.sl.utils.log.LogDemoTest - info log ...
2019-09-18 22:51:28.004 [pool-2-thread-1] ERROR com.sl.utils.log.LogDemoTest - error log ...
2019-09-18 22:51:28.005 [pool-2-thread-1] WARN  com.sl.utils.log.LogDemoTest - warn log ...
2019-09-18 22:51:29.005 [pool-2-thread-1] INFO  com.sl.utils.log.LogDemoTest - info log ...
2019-09-18 22:51:29.005 [pool-2-thread-1] ERROR com.sl.utils.log.LogDemoTest - error log ...
2019-09-18 22:51:29.006 [pool-2-thread-1] WARN  com.sl.utils.log.LogDemoTest - warn log ...
2019-09-18 22:51:30.005 [pool-2-thread-1] INFO  com.sl.utils.log.LogDemoTest - info log ...
2019-09-18 22:51:30.006 [pool-2-thread-1] ERROR com.sl.utils.log.LogDemoTest - error log ...
2019-09-18 22:51:30.007 [pool-2-thread-1] WARN  com.sl.utils.log.LogDemoTest - warn log ...
2019-09-18 22:51:31.005 [pool-2-thread-1] INFO  com.sl.utils.log.LogDemoTest - info log ...
2019-09-18 22:51:31.005 [pool-2-thread-1] ERROR com.sl.utils.log.LogDemoTest - error log ...
2019-09-18 22:51:31.005 [pool-2-thread-1] WARN  com.sl.utils.log.LogDemoTest - warn log ...
2019-09-18 22:51:32.001 [pool-2-thread-1] INFO  com.sl.utils.log.LogDemoTest - info log ...
2019-09-18 22:51:32.001 [pool-2-thread-1] ERROR com.sl.utils.log.LogDemoTest - error log ...
2019-09-18 22:51:32.001 [pool-2-thread-1] WARN  com.sl.utils.log.LogDemoTest - warn log ...
2019-09-18 22:51:33.004 [pool-2-thread-1] INFO  com.sl.utils.log.LogDemoTest - info log ...
2019-09-18 22:51:33.004 [pool-2-thread-1] ERROR com.sl.utils.log.LogDemoTest - error log ...
2019-09-18 22:51:33.004 [pool-2-thread-1] WARN  com.sl.utils.log.LogDemoTest - warn log ...
2019-09-18 22:51:34.004 [pool-2-thread-1] INFO  com.sl.utils.log.LogDemoTest - info log ...
2019-09-18 22:51:34.005 [pool-2-thread-1] ERROR com.sl.utils.log.LogDemoTest - error log ...
2019-09-18 22:51:34.005 [pool-2-thread-1] WARN  com.sl.utils.log.LogDemoTest - warn log ...
2019-09-18 22:51:35.003 [pool-2-thread-1] INFO  com.sl.utils.log.LogDemoTest - info log ...
2019-09-18 22:51:35.003 [pool-2-thread-1] ERROR com.sl.utils.log.LogDemoTest - error log ...
2019-09-18 22:51:35.004 [pool-2-thread-1] WARN  com.sl.utils.log.LogDemoTest - warn log ...
2019-09-18 22:51:36.005 [pool-2-thread-1] INFO  com.sl.utils.log.LogDemoTest - info log ...
2019-09-18 22:51:36.005 [pool-2-thread-1] ERROR com.sl.utils.log.LogDemoTest - error log ...
2019-09-18 22:51:36.006 [pool-2-thread-1] WARN  com.sl.utils.log.LogDemoTest - warn log ...
2019-09-18 22:51:37.003 [pool-2-thread-1] INFO  com.sl.utils.log.LogDemoTest - info log ...
2019-09-18 22:51:37.003 [pool-2-thread-1] ERROR com.sl.utils.log.LogDemoTest - error log ...
2019-09-18 22:51:37.004 [pool-2-thread-1] WARN  com.sl.utils.log.LogDemoTest - warn log ...
2019-09-18 22:51:38.004 [pool-2-thread-1] INFO  com.sl.utils.log.LogDemoTest - info log ...
2019-09-18 22:51:38.004 [pool-2-thread-1] ERROR com.sl.utils.log.LogDemoTest - error log ...
2019-09-18 22:51:38.004 [pool-2-thread-1] WARN  com.sl.utils.log.LogDemoTest - warn log ...
2019-09-18 22:51:39.004 [pool-2-thread-1] INFO  com.sl.utils.log.LogDemoTest - info log ...
2019-09-18 22:51:39.004 [pool-2-thread-1] ERROR com.sl.utils.log.LogDemoTest - error log ...
2019-09-18 22:51:39.004 [pool-2-thread-1] WARN  com.sl.utils.log.LogDemoTest - warn log ...
2019-09-18 22:51:40.004 [pool-2-thread-1] INFO  com.sl.utils.log.LogDemoTest - info log ...
2019-09-18 22:51:40.005 [pool-2-thread-1] ERROR com.sl.utils.log.LogDemoTest - error log ...
2019-09-18 22:51:40.005 [pool-2-thread-1] WARN  com.sl.utils.log.LogDemoTest - warn log ...
2019-09-18 22:51:41.004 [pool-2-thread-1] INFO  com.sl.utils.log.LogDemoTest - info log ...
2019-09-18 22:51:41.004 [pool-2-thread-1] ERROR com.sl.utils.log.LogDemoTest - error log ...
2019-09-18 22:51:41.004 [pool-2-thread-1] WARN  com.sl.utils.log.LogDemoTest - warn log ...
2019-09-18 22:51:42.002 [pool-2-thread-1] INFO  com.sl.utils.log.LogDemoTest - info log ...
2019-09-18 22:51:42.002 [pool-2-thread-1] ERROR com.sl.utils.log.LogDemoTest - error log ...
2019-09-18 22:51:42.002 [pool-2-thread-1] WARN  com.sl.utils.log.LogDemoTest - warn log ...
2019-09-18 22:51:43.001 [pool-2-thread-1] INFO  com.sl.utils.log.LogDemoTest - info log ...
2019-09-18 22:51:43.001 [pool-2-thread-1] ERROR com.sl.utils.log.LogDemoTest - error log ...
2019-09-18 22:51:43.001 [pool-2-thread-1] WARN  com.sl.utils.log.LogDemoTest - warn log ...
2019-09-18 22:51:44.005 [pool-2-thread-1] INFO  com.sl.utils.log.LogDemoTest - info log ...
2019-09-18 22:51:44.005 [pool-2-thread-1] ERROR com.sl.utils.log.LogDemoTest - error log ...
2019-09-18 22:51:44.006 [pool-2-thread-1] WARN  com.sl.utils.log.LogDemoTest - warn log ...
2019-09-18 22:51:45.001 [pool-2-thread-1] INFO  com.sl.utils.log.LogDemoTest - info log ...
2019-09-18 22:51:45.002 [pool-2-thread-1] ERROR com.sl.utils.log.LogDemoTest - error log ...
2019-09-18 22:51:45.002 [pool-2-thread-1] WARN  com.sl.utils.log.LogDemoTest - warn log ...
2019-09-18 22:51:46.005 [pool-2-thread-1] INFO  com.sl.utils.log.LogDemoTest - info log ...
2019-09-18 22:51:46.005 [pool-2-thread-1] ERROR com.sl.utils.log.LogDemoTest - error log ...
2019-09-18 22:51:46.006 [pool-2-thread-1] WARN  com.sl.utils.log.LogDemoTest - warn log ...
2019-09-18 22:51:47.005 [pool-2-thread-1] INFO  com.sl.utils.log.LogDemoTest - info log ...
2019-09-18 22:51:47.005 [pool-2-thread-1] ERROR com.sl.utils.log.LogDemoTest - error log ...
2019-09-18 22:51:47.005 [pool-2-thread-1] WARN  com.sl.utils.log.LogDemoTest - warn log ...
2019-09-18 22:51:48.005 [pool-2-thread-1] INFO  com.sl.utils.log.LogDemoTest - info log ...
2019-09-18 22:51:48.005 [pool-2-thread-1] ERROR com.sl.utils.log.LogDemoTest - error log ...
2019-09-18 22:51:48.005 [pool-2-thread-1] WARN  com.sl.utils.log.LogDemoTest - warn log ...
2019-09-18 22:51:49.005 [pool-2-thread-1] INFO  com.sl.utils.log.LogDemoTest - info log ...
2019-09-18 22:51:49.005 [pool-2-thread-1] ERROR com.sl.utils.log.LogDemoTest - error log ...
2019-09-18 22:51:49.005 [pool-2-thread-1] WARN  com.sl.utils.log.LogDemoTest - warn log ...
2019-09-18 22:51:50.001 [pool-2-thread-1] INFO  com.sl.utils.log.LogDemoTest - info log ...
2019-09-18 22:51:50.001 [pool-2-thread-1] ERROR com.sl.utils.log.LogDemoTest - error log ...
2019-09-18 22:51:50.001 [pool-2-thread-1] WARN  com.sl.utils.log.LogDemoTest - warn log ...
2019-09-18 22:51:51.004 [pool-2-thread-1] INFO  com.sl.utils.log.LogDemoTest - info log ...
2019-09-18 22:51:51.005 [pool-2-thread-1] ERROR com.sl.utils.log.LogDemoTest - error log ...
2019-09-18 22:51:51.005 [pool-2-thread-1] WARN  com.sl.utils.log.LogDemoTest - warn log ...
2019-09-18 22:51:51.620 [Thread-8] INFO  o.s.b.c.e.AnnotationConfigEmbeddedWebApplicationContext - Closing org.springframework.boot.context.embedded.AnnotationConfigEmbeddedWebApplicationContext@358ee631: startup date [Wed Sep 18 22:51:10 CST 2019]; root of context hierarchy
2019-09-18 22:51:51.623 [Thread-8] INFO  o.s.jmx.export.annotation.AnnotationMBeanExporter - Unregistering JMX-exposed beans on shutdown
2019-09-18 22:51:51.623 [Thread-8] INFO  o.s.scheduling.concurrent.ThreadPoolTaskExecutor - Shutting down ExecutorService 'taskExecutor'
